<?xml version="1.0" encoding="UTF-8"?>
<!-- Generated by org.testng.reporters.JUnitReportReporter -->
<testsuite hostname="RPIPL-NB-DL069" name="testScripts.leases.TerminateLeaseTest" tests="1" failures="0" timestamp="12 Jul 2020 15:55:58 GMT" time="26.347" errors="0">
  <testcase name="terminateLease" time="26.347" classname="testScripts.leases.TerminateLeaseTest"/>
</testsuite> <!-- testScripts.leases.TerminateLeaseTest -->
