<?xml version="1.0" encoding="UTF-8"?>
<!-- Generated by org.testng.reporters.JUnitReportReporter -->
<testsuite hostname="RPIPL-NB-DL069" name="testScripts.leases.GenerateCRPsMinnesotaTest" tests="1" failures="0" timestamp="20 Jul 2020 19:18:11 GMT" time="11.692" errors="0">
  <testcase name="generateCRPsMinnesota" time="11.692" classname="testScripts.leases.GenerateCRPsMinnesotaTest"/>
</testsuite> <!-- testScripts.leases.GenerateCRPsMinnesotaTest -->
