<?xml version="1.0" encoding="UTF-8"?>
<!-- Generated by org.testng.reporters.JUnitReportReporter -->
<testsuite hostname="RPIPL-NB-DL069" name="testScripts.leases.LeaseNewWorkorderTest" tests="1" failures="0" timestamp="8 Jul 2020 16:18:24 GMT" time="25.881" errors="0">
  <testcase name="newWorkorder" time="25.881" classname="testScripts.leases.LeaseNewWorkorderTest"/>
</testsuite> <!-- testScripts.leases.LeaseNewWorkorderTest -->
