<?xml version="1.0" encoding="UTF-8"?>
<!-- Generated by org.testng.reporters.JUnitReportReporter -->
<testsuite hostname="RPIPL-NB-DL069" name="testScripts.leases.CreateNoteTest" tests="1" failures="0" timestamp="22 Jul 2020 19:11:04 GMT" time="24.250" errors="0">
  <testcase name="createNote" time="24.250" classname="testScripts.leases.CreateNoteTest"/>
</testsuite> <!-- testScripts.leases.CreateNoteTest -->
