<?xml version="1.0" encoding="UTF-8"?>
<!-- Generated by org.testng.reporters.JUnitReportReporter -->
<testsuite hostname="RPIPL-NB-DL069" name="testScripts.leases.GenerateCRPsTest" tests="2" failures="0" timestamp="8 Jul 2020 16:18:24 GMT" time="39.081" errors="0">
  <testcase name="generateCRPsWisconsin" time="19.646" classname="testScripts.leases.GenerateCRPsTest"/>
  <testcase name="generateCRPsMinnesota" time="19.435" classname="testScripts.leases.GenerateCRPsTest"/>
</testsuite> <!-- testScripts.leases.GenerateCRPsTest -->
