<?xml version="1.0" encoding="UTF-8"?>
<!-- Generated by org.testng.reporters.JUnitReportReporter -->
<testsuite hostname="RPIPL-NB-DL069" name="testScripts.leases.CreateWOFromMaintTabTest" tests="1" failures="0" timestamp="8 Jul 2020 16:18:24 GMT" time="21.998" errors="0">
  <testcase name="newWorkorderFromMaintTab" time="21.998" classname="testScripts.leases.CreateWOFromMaintTabTest"/>
</testsuite> <!-- testScripts.leases.CreateWOFromMaintTabTest -->
