<?xml version="1.0" encoding="UTF-8"?>
<!-- Generated by org.testng.reporters.JUnitReportReporter -->
<testsuite hostname="RPIPL-NB-DL069" name="testScripts.loginTest" tests="1" failures="0" timestamp="5 Nov 2019 18:31:49 GMT" time="11.735" errors="0">
  <testcase name="loginPW" time="11.735" classname="testScripts.loginTest"/>
</testsuite> <!-- testScripts.loginTest -->
