<?xml version="1.0" encoding="UTF-8"?>
<!-- Generated by org.testng.reporters.JUnitReportReporter -->
<testsuite hostname="RPIPL-NB-DL069" name="testScripts.leases.NewLeaseWithExistingContactTest" tests="1" failures="0" timestamp="20 Jul 2020 19:18:11 GMT" time="40.531" errors="0">
  <testcase name="createLeaseWithExistingContact" time="40.531" classname="testScripts.leases.NewLeaseWithExistingContactTest"/>
</testsuite> <!-- testScripts.leases.NewLeaseWithExistingContactTest -->
