<?xml version="1.0" encoding="UTF-8"?>
<!-- Generated by org.testng.reporters.JUnitReportReporter -->
<testsuite hostname="RPIPL-NB-DL069" name="testScripts.leases.createPaymentTest" tests="1" failures="0" timestamp="8 Jul 2020 16:18:24 GMT" time="18.603" errors="0">
  <testcase name="createPayment" time="18.603" classname="testScripts.leases.createPaymentTest"/>
</testsuite> <!-- testScripts.leases.createPaymentTest -->
