<?xml version="1.0" encoding="UTF-8"?>
<!-- Generated by org.testng.reporters.JUnitReportReporter -->
<testsuite hostname="RPIPL-NB-DL069" name="testScripts.leases.NewLeaseWithExistingContactTest" tests="1" failures="0" timestamp="19 Jul 2020 12:30:40 GMT" time="28.346" errors="0">
  <testcase name="createLeaseWithExistingContact" time="28.346" classname="testScripts.leases.NewLeaseWithExistingContactTest"/>
</testsuite> <!-- testScripts.leases.NewLeaseWithExistingContactTest -->
