<?xml version="1.0" encoding="UTF-8"?>
<!-- Generated by org.testng.reporters.JUnitReportReporter -->
<testsuite hostname="RPIPL-NB-DL069" name="testScripts.leases.MoveoutAndTerminateLeaseTest" tests="1" failures="0" timestamp="19 Jul 2020 12:30:40 GMT" time="6.190" errors="0">
  <testcase name="moveoutAndTerminateLease" time="6.190" classname="testScripts.leases.MoveoutAndTerminateLeaseTest"/>
</testsuite> <!-- testScripts.leases.MoveoutAndTerminateLeaseTest -->
