<?xml version="1.0" encoding="UTF-8"?>
<!-- Generated by org.testng.reporters.JUnitReportReporter -->
<testsuite hostname="RPIPL-NB-DL069" name="testScripts.leases.EmailTenantsTest" tests="1" failures="0" timestamp="22 Jul 2020 18:07:45 GMT" time="17.438" errors="0">
  <testcase name="emailTenants" time="17.438" classname="testScripts.leases.EmailTenantsTest"/>
</testsuite> <!-- testScripts.leases.EmailTenantsTest -->
