<?xml version="1.0" encoding="UTF-8"?>
<!-- Generated by org.testng.reporters.JUnitReportReporter -->
<testsuite hostname="RPIPL-NB-DL069" name="pageObjects.Leases.LateFeePageTest" tests="1" failures="0" timestamp="23 Jun 2020 13:10:45 GMT" time="20.725" errors="0">
  <testcase name="lateFeeNavigation" time="20.725" classname="pageObjects.Leases.LateFeePageTest"/>
</testsuite> <!-- pageObjects.Leases.LateFeePageTest -->
