<?xml version="1.0" encoding="UTF-8"?>
<!-- Generated by org.testng.reporters.JUnitReportReporter -->
<testsuite hostname="RPIPL-NB-DL069" name="testScripts.leases.RecordRentersInsuranceTest" tests="1" failures="0" timestamp="20 Jul 2020 19:18:11 GMT" time="14.884" errors="0">
  <testcase name="recordRentersInsurance" time="14.884" classname="testScripts.leases.RecordRentersInsuranceTest"/>
</testsuite> <!-- testScripts.leases.RecordRentersInsuranceTest -->
