<?xml version="1.0" encoding="UTF-8"?>
<!-- Generated by org.testng.reporters.JUnitReportReporter -->
<testsuite hostname="RPIPL-NB-DL069" name="testScripts.leases.DraftMoveInTest" tests="1" failures="0" timestamp="19 Jul 2020 13:00:16 GMT" time="22.297" errors="0">
  <testcase name="draftMoveIn" time="22.297" classname="testScripts.leases.DraftMoveInTest"/>
</testsuite> <!-- testScripts.leases.DraftMoveInTest -->
