<?xml version="1.0" encoding="UTF-8"?>
<!-- Generated by org.testng.reporters.JUnitReportReporter -->
<testsuite hostname="RPIPL-NB-DL069" name="testScripts.leases.EditLeaseTest" tests="1" failures="0" timestamp="21 Jun 2020 06:04:42 GMT" time="38.109" errors="0">
  <testcase name="editLease" time="38.109" classname="testScripts.leases.EditLeaseTest"/>
</testsuite> <!-- testScripts.leases.EditLeaseTest -->
