<?xml version="1.0" encoding="UTF-8"?>
<!-- Generated by org.testng.reporters.JUnitReportReporter -->
<testsuite hostname="RPIPL-NB-DL069" name="testScripts.leases.createWOFromMaintTabTest" tests="1" failures="0" timestamp="23 Jun 2020 17:59:17 GMT" time="24.122" errors="0">
  <testcase name="newWorkorderFromMaintTab" time="24.122" classname="testScripts.leases.createWOFromMaintTabTest"/>
</testsuite> <!-- testScripts.leases.createWOFromMaintTabTest -->
