<?xml version="1.0" encoding="UTF-8"?>
<!-- Generated by org.testng.reporters.JUnitReportReporter -->
<testsuite hostname="RPIPL-NB-DL069" name="testScripts.leases.CreateLeasesNewViewTest" tests="1" failures="0" timestamp="19 Jul 2020 19:51:45 GMT" time="23.317" errors="0">
  <testcase name="createLeasesNewView" time="23.317" classname="testScripts.leases.CreateLeasesNewViewTest"/>
</testsuite> <!-- testScripts.leases.CreateLeasesNewViewTest -->
