<?xml version="1.0" encoding="UTF-8"?>
<!-- Generated by org.testng.reporters.JUnitReportReporter -->
<testsuite hostname="RPIPL-NB-DL069" name="testScripts.leases.RecordRentersInsuranceTest" tests="1" failures="0" timestamp="19 Jul 2020 12:30:40 GMT" time="12.774" errors="0">
  <testcase name="recordRentersInsurance" time="12.774" classname="testScripts.leases.RecordRentersInsuranceTest"/>
</testsuite> <!-- testScripts.leases.RecordRentersInsuranceTest -->
