<?xml version="1.0" encoding="UTF-8"?>
<!-- Generated by org.testng.reporters.JUnitReportReporter -->
<testsuite hostname="RPIPL-NB-DL069" name="testScripts.leases.createPaymentTest" tests="1" failures="0" timestamp="20 Jul 2020 19:18:11 GMT" time="9.665" errors="0">
  <testcase name="createPayment" time="9.665" classname="testScripts.leases.createPaymentTest"/>
</testsuite> <!-- testScripts.leases.createPaymentTest -->
