<?xml version="1.0" encoding="UTF-8"?>
<!-- Generated by org.testng.reporters.JUnitReportReporter -->
<testsuite hostname="RPIPL-NB-DL069" name="testScripts.leases.GenerateCRPsWisconsinTest" tests="1" failures="0" timestamp="19 Jul 2020 12:36:13 GMT" time="21.811" errors="0">
  <testcase name="generateCRPsWisconsin" time="21.811" classname="testScripts.leases.GenerateCRPsWisconsinTest"/>
</testsuite> <!-- testScripts.leases.GenerateCRPsWisconsinTest -->
