<?xml version="1.0" encoding="UTF-8"?>
<!-- Generated by org.testng.reporters.JUnitReportReporter -->
<testsuite hostname="RPIPL-NB-DL069" name="testScripts.leases.createNewLease" tests="1" failures="0" timestamp="12 Jul 2020 14:33:27 GMT" time="41.247" errors="0">
  <testcase name="createLease" time="41.247" classname="testScripts.leases.createNewLease"/>
</testsuite> <!-- testScripts.leases.createNewLease -->
