<?xml version="1.0" encoding="UTF-8"?>
<!-- Generated by org.testng.reporters.JUnitReportReporter -->
<testsuite hostname="RPIPL-NB-DL069" name="testScripts.leases.ApplySecDepToChargesTest" tests="1" failures="0" timestamp="22 Jun 2020 18:18:51 GMT" time="23.624" errors="0">
  <testcase name="applySecDepToCharges" time="23.624" classname="testScripts.leases.ApplySecDepToChargesTest"/>
</testsuite> <!-- testScripts.leases.ApplySecDepToChargesTest -->
