<?xml version="1.0" encoding="UTF-8"?>
<!-- Generated by org.testng.reporters.JUnitReportReporter -->
<testsuite hostname="RPIPL-NB-DL069" name="testScripts.leases.TerminateLeaseTest" tests="1" failures="0" timestamp="19 Jul 2020 12:30:40 GMT" time="11.044" errors="0">
  <testcase name="terminateLease" time="11.044" classname="testScripts.leases.TerminateLeaseTest"/>
</testsuite> <!-- testScripts.leases.TerminateLeaseTest -->
