<?xml version="1.0" encoding="UTF-8"?>
<!-- Generated by org.testng.reporters.JUnitReportReporter -->
<testsuite hostname="RPIPL-NB-DL069" name="testScripts.leases.CreateNewLeasefromSummaryTest" tests="1" failures="0" timestamp="13 Jul 2020 19:31:03 GMT" time="41.060" errors="0">
  <testcase name="createNewLeasefromSummaryPage" time="41.060" classname="testScripts.leases.CreateNewLeasefromSummaryTest"/>
</testsuite> <!-- testScripts.leases.CreateNewLeasefromSummaryTest -->
