<?xml version="1.0" encoding="UTF-8"?>
<!-- Generated by org.testng.reporters.JUnitReportReporter -->
<testsuite hostname="RPIPL-NB-DL069" name="testScripts.leases.NewLeaseWithLeaseFormTest" tests="1" failures="0" timestamp="13 Jul 2020 19:31:03 GMT" time="39.334" errors="0">
  <testcase name="createLeaseWithLeaseForm" time="39.334" classname="testScripts.leases.NewLeaseWithLeaseFormTest"/>
</testsuite> <!-- testScripts.leases.NewLeaseWithLeaseFormTest -->
