<?xml version="1.0" encoding="UTF-8"?>
<!-- Generated by org.testng.reporters.JUnitReportReporter -->
<testsuite hostname="RPIPL-NB-DL069" name="testScripts.properties.appendResults" tests="2" failures="0" timestamp="9 Dec 2019 19:17:22 GMT" time="3.851" errors="1">
  <testcase name="OtherClassFailedTest" time="3.845" classname="testScripts.properties.appendResults">
    <error type="org.openqa.selenium.InvalidArgumentException" message="Malformed URL: www.google.co/ is not a valid URL.
Build info: version: &#039;3.6.0&#039;, revision: &#039;6fbf3ec767&#039;, time: &#039;2017-09-27T16:15:26.402Z&#039;
System info: host: &#039;RPIPL-NB-DL069&#039;, ip: &#039;10.13.114.240&#039;, os.name: &#039;Windows 10&#039;, os.arch: &#039;amd64&#039;, os.version: &#039;10.0&#039;, java.version: &#039;1.8.0_231&#039;
Driver info: org.openqa.selenium.firefox.FirefoxDriver
Capabilities [{moz:profile=C:\Users\rganpisetty\AppData\Local\Temp\rust_mozprofile2uw9Nb, rotatable=false, moz:geckodriverVersion=0.25.0, timeouts={implicit=0, pageLoad=300000, script=30000}, pageLoadStrategy=normal, unhandledPromptBehavior=dismiss and notify, strictFileInteractability=false, moz:headless=false, platform=WINDOWS, moz:accessibilityChecks=false, moz:useNonSpecCompliantPointerOrigin=false, acceptInsecureCerts=true, browserVersion=69.0.1, moz:shutdownTimeout=60000, platformVersion=10.0, moz:processID=11308, browserName=firefox, moz:buildID=20190917135527, javascriptEnabled=true, platformName=WINDOWS, setWindowRect=true, moz:webdriverClick=true}]
Session ID: 1d4ff6ed-d8f9-4597-92df-d731406aea2e">
      <![CDATA[org.openqa.selenium.InvalidArgumentException: Malformed URL: www.google.co/ is not a valid URL.
Build info: version: '3.6.0', revision: '6fbf3ec767', time: '2017-09-27T16:15:26.402Z'
System info: host: 'RPIPL-NB-DL069', ip: '10.13.114.240', os.name: 'Windows 10', os.arch: 'amd64', os.version: '10.0', java.version: '1.8.0_231'
Driver info: org.openqa.selenium.firefox.FirefoxDriver
Capabilities [{moz:profile=C:\Users\rganpisetty\AppData\Local\Temp\rust_mozprofile2uw9Nb, rotatable=false, moz:geckodriverVersion=0.25.0, timeouts={implicit=0, pageLoad=300000, script=30000}, pageLoadStrategy=normal, unhandledPromptBehavior=dismiss and notify, strictFileInteractability=false, moz:headless=false, platform=WINDOWS, moz:accessibilityChecks=false, moz:useNonSpecCompliantPointerOrigin=false, acceptInsecureCerts=true, browserVersion=69.0.1, moz:shutdownTimeout=60000, platformVersion=10.0, moz:processID=11308, browserName=firefox, moz:buildID=20190917135527, javascriptEnabled=true, platformName=WINDOWS, setWindowRect=true, moz:webdriverClick=true}]
Session ID: 1d4ff6ed-d8f9-4597-92df-d731406aea2e
	at sun.reflect.NativeConstructorAccessorImpl.newInstance0(Native Method)
	at sun.reflect.NativeConstructorAccessorImpl.newInstance(Unknown Source)
	at sun.reflect.DelegatingConstructorAccessorImpl.newInstance(Unknown Source)
	at java.lang.reflect.Constructor.newInstance(Unknown Source)
	at org.openqa.selenium.remote.http.W3CHttpResponseCodec.createException(W3CHttpResponseCodec.java:185)
	at org.openqa.selenium.remote.http.W3CHttpResponseCodec.decode(W3CHttpResponseCodec.java:120)
	at org.openqa.selenium.remote.http.W3CHttpResponseCodec.decode(W3CHttpResponseCodec.java:49)
	at org.openqa.selenium.remote.HttpCommandExecutor.execute(HttpCommandExecutor.java:164)
	at org.openqa.selenium.remote.service.DriverCommandExecutor.execute(DriverCommandExecutor.java:83)
	at org.openqa.selenium.remote.RemoteWebDriver.execute(RemoteWebDriver.java:586)
	at org.openqa.selenium.remote.RemoteWebDriver.get(RemoteWebDriver.java:310)
	at testScripts.properties.appendResults.OtherClassFailedTest(appendResults.java:20)
	at sun.reflect.NativeMethodAccessorImpl.invoke0(Native Method)
	at sun.reflect.NativeMethodAccessorImpl.invoke(Unknown Source)
	at sun.reflect.DelegatingMethodAccessorImpl.invoke(Unknown Source)
	at java.lang.reflect.Method.invoke(Unknown Source)
	at org.testng.internal.MethodInvocationHelper.invokeMethod(MethodInvocationHelper.java:86)
	at org.testng.internal.Invoker.invokeMethod(Invoker.java:645)
	at org.testng.internal.Invoker.invokeTestMethod(Invoker.java:822)
	at org.testng.internal.Invoker.invokeTestMethods(Invoker.java:1130)
	at org.testng.internal.TestMethodWorker.invokeTestMethods(TestMethodWorker.java:129)
	at org.testng.internal.TestMethodWorker.run(TestMethodWorker.java:112)
	at org.testng.TestRunner.privateRun(TestRunner.java:782)
	at org.testng.TestRunner.run(TestRunner.java:632)
	at org.testng.SuiteRunner.runTest(SuiteRunner.java:366)
	at org.testng.SuiteRunner.runSequentially(SuiteRunner.java:361)
	at org.testng.SuiteRunner.privateRun(SuiteRunner.java:319)
	at org.testng.SuiteRunner.run(SuiteRunner.java:268)
	at org.testng.SuiteRunnerWorker.runSuite(SuiteRunnerWorker.java:52)
	at org.testng.SuiteRunnerWorker.run(SuiteRunnerWorker.java:86)
	at org.testng.TestNG.runSuitesSequentially(TestNG.java:1244)
	at org.testng.TestNG.runSuitesLocally(TestNG.java:1169)
	at org.testng.TestNG.run(TestNG.java:1064)
	at org.testng.remote.RemoteTestNG.run(RemoteTestNG.java:113)
	at org.testng.remote.RemoteTestNG.initAndRun(RemoteTestNG.java:206)
	at org.testng.remote.RemoteTestNG.main(RemoteTestNG.java:177)
]]>
    </error>
  </testcase> <!-- OtherClassFailedTest -->
  <testcase name="OtherClassTest" time="0.006" classname="testScripts.properties.appendResults"/>
</testsuite> <!-- testScripts.properties.appendResults -->
