<?xml version="1.0" encoding="UTF-8"?>
<!-- Generated by org.testng.reporters.JUnitReportReporter -->
<testsuite hostname="RPIPL-NB-DL069" name="testScripts.leases.SampleTest" tests="1" failures="0" timestamp="17 Jul 2020 18:30:01 GMT" time="21.624" errors="0">
  <testcase name="refresh" time="21.624" classname="testScripts.leases.SampleTest"/>
</testsuite> <!-- testScripts.leases.SampleTest -->
