<?xml version="1.0" encoding="UTF-8"?>
<!-- Generated by org.testng.reporters.JUnitReportReporter -->
<testsuite hostname="RPIPL-NB-DL069" name="testScripts.leases.EditLeasesViewTest" tests="1" failures="0" timestamp="20 Jul 2020 19:18:11 GMT" time="13.946" errors="0">
  <testcase name="editLeasesView" time="13.946" classname="testScripts.leases.EditLeasesViewTest"/>
</testsuite> <!-- testScripts.leases.EditLeasesViewTest -->
