<?xml version="1.0" encoding="UTF-8"?>
<!-- Generated by org.testng.reporters.JUnitReportReporter -->
<testsuite hostname="RPIPL-NB-DL069" name="testScripts.leases.DeleteLeaseTest" tests="1" failures="0" timestamp="21 Jun 2020 12:00:31 GMT" time="14.344" errors="0">
  <testcase name="deleteLease" time="14.344" classname="testScripts.leases.DeleteLeaseTest"/>
</testsuite> <!-- testScripts.leases.DeleteLeaseTest -->
