<?xml version="1.0" encoding="UTF-8"?>
<!-- Generated by org.testng.reporters.JUnitReportReporter -->
<testsuite hostname="RPIPL-NB-DL069" name="testScripts.leases.createPaymentTest" tests="1" failures="0" timestamp="19 Jul 2020 12:30:40 GMT" time="5.740" errors="0">
  <testcase name="createPayment" time="5.740" classname="testScripts.leases.createPaymentTest"/>
</testsuite> <!-- testScripts.leases.createPaymentTest -->
