<?xml version="1.0" encoding="UTF-8"?>
<!-- Generated by org.testng.reporters.JUnitReportReporter -->
<testsuite hostname="RPIPL-NB-DL069" name="testScripts.leases.LeasesViewSetAsDefaultTest" tests="1" failures="0" timestamp="19 Jul 2020 19:51:45 GMT" time="5.299" errors="0">
  <testcase name="leasesViewSetAsDefault" time="5.299" classname="testScripts.leases.LeasesViewSetAsDefaultTest"/>
</testsuite> <!-- testScripts.leases.LeasesViewSetAsDefaultTest -->
