<?xml version="1.0" encoding="UTF-8"?>
<!-- Generated by org.testng.reporters.JUnitReportReporter -->
<testsuite hostname="RPIPL-NB-DL069" name="testScripts.leases.CreateSingleTaskTest" tests="1" failures="0" timestamp="13 Jul 2020 09:23:15 GMT" time="7.730" errors="0">
  <testcase name="createSingleTask" time="7.730" classname="testScripts.leases.CreateSingleTaskTest"/>
</testsuite> <!-- testScripts.leases.CreateSingleTaskTest -->
