<?xml version="1.0" encoding="UTF-8"?>
<!-- Generated by org.testng.reporters.JUnitReportReporter -->
<testsuite hostname="RPIPL-NB-DL069" name="testScripts.leases.massUpdateTest" tests="1" failures="0" timestamp="19 Jul 2020 12:30:40 GMT" time="3.865" errors="0">
  <testcase name="leasesMassUpdate" time="3.865" classname="testScripts.leases.massUpdateTest"/>
</testsuite> <!-- testScripts.leases.massUpdateTest -->
