<?xml version="1.0" encoding="UTF-8"?>
<!-- Generated by org.testng.reporters.JUnitReportReporter -->
<testsuite hostname="RPIPL-NB-DL069" name="testScripts.leases.createJETest" tests="1" failures="0" timestamp="20 Jun 2020 15:27:04 GMT" time="34.469" errors="0">
  <testcase name="createNewJE" time="34.469" classname="testScripts.leases.createJETest"/>
</testsuite> <!-- testScripts.leases.createJETest -->
