<?xml version="1.0" encoding="UTF-8"?>
<!-- Generated by org.testng.reporters.JUnitReportReporter -->
<testsuite hostname="RPIPL-NB-DL069" name="testScripts.leases.EditLeasesViewTest" tests="1" failures="0" timestamp="19 Jul 2020 19:51:45 GMT" time="22.836" errors="0">
  <testcase name="editLeasesView" time="22.836" classname="testScripts.leases.EditLeasesViewTest"/>
</testsuite> <!-- testScripts.leases.EditLeasesViewTest -->
