<?xml version="1.0" encoding="UTF-8"?>
<!-- Generated by org.testng.reporters.JUnitReportReporter -->
<testsuite hostname="RPIPL-NB-DL069" name="testScripts.leases.LateFeePageTest" tests="1" failures="0" timestamp="20 Jul 2020 19:18:11 GMT" time="10.496" errors="0">
  <testcase name="lateFeeNavigation" time="10.496" classname="testScripts.leases.LateFeePageTest"/>
</testsuite> <!-- testScripts.leases.LateFeePageTest -->
