<?xml version="1.0" encoding="UTF-8"?>
<!-- Generated by org.testng.reporters.JUnitReportReporter -->
<testsuite hostname="RPIPL-NB-DL069" name="testScripts.leases.CreateWOFromMaintTabTest" tests="1" failures="0" timestamp="20 Jul 2020 19:18:11 GMT" time="16.517" errors="0">
  <testcase name="newWorkorderFromMaintTab" time="16.517" classname="testScripts.leases.CreateWOFromMaintTabTest"/>
</testsuite> <!-- testScripts.leases.CreateWOFromMaintTabTest -->
