<?xml version="1.0" encoding="UTF-8"?>
<!-- Generated by org.testng.reporters.JUnitReportReporter -->
<testsuite hostname="RPIPL-NB-DL069" name="testScripts.leases.GenerateCRPsTest" tests="2" failures="0" timestamp="23 Jun 2020 12:30:32 GMT" time="61.022" errors="0">
  <testcase name="generateCRPsMinnesota" time="30.928" classname="testScripts.leases.GenerateCRPsTest"/>
  <testcase name="generateCRPsWisconsin" time="30.094" classname="testScripts.leases.GenerateCRPsTest"/>
</testsuite> <!-- testScripts.leases.GenerateCRPsTest -->
