<?xml version="1.0" encoding="UTF-8"?>
<!-- Generated by org.testng.reporters.JUnitReportReporter -->
<testsuite hostname="RPIPL-NB-DL069" name="testScripts.leases.AddAutoChargeTest" tests="1" failures="0" timestamp="12 Jul 2020 14:33:27 GMT" time="16.597" errors="0">
  <testcase name="addAutoCharge" time="16.597" classname="testScripts.leases.AddAutoChargeTest"/>
</testsuite> <!-- testScripts.leases.AddAutoChargeTest -->
