<?xml version="1.0" encoding="UTF-8"?>
<!-- Generated by org.testng.reporters.JUnitReportReporter -->
<testsuite hostname="RPIPL-NB-DL069" name="testScripts.leases.MoveoutAndTerminateLeaseTest" tests="1" failures="0" timestamp="8 Jul 2020 16:18:24 GMT" time="21.815" errors="0">
  <testcase name="moveoutAndTerminateLease" time="21.815" classname="testScripts.leases.MoveoutAndTerminateLeaseTest"/>
</testsuite> <!-- testScripts.leases.MoveoutAndTerminateLeaseTest -->
