<?xml version="1.0" encoding="UTF-8"?>
<!-- Generated by org.testng.reporters.JUnitReportReporter -->
<testsuite hostname="RPIPL-NB-DL069" name="testScripts.leases.createRefundTest" tests="1" failures="0" timestamp="8 Jul 2020 16:18:24 GMT" time="18.463" errors="0">
  <testcase name="createRefund" time="18.463" classname="testScripts.leases.createRefundTest"/>
</testsuite> <!-- testScripts.leases.createRefundTest -->
