<?xml version="1.0" encoding="UTF-8"?>
<!-- Generated by org.testng.reporters.JUnitReportReporter -->
<testsuite hostname="RPIPL-NB-DL069" name="testScripts.leases.CreateTasksFromTemplateTest" tests="1" failures="0" timestamp="20 Jul 2020 19:18:11 GMT" time="10.893" errors="0">
  <testcase name="createTasksFromTemplate" time="10.893" classname="testScripts.leases.CreateTasksFromTemplateTest"/>
</testsuite> <!-- testScripts.leases.CreateTasksFromTemplateTest -->
