<?xml version="1.0" encoding="UTF-8"?>
<!-- Generated by org.testng.reporters.JUnitReportReporter -->
<testsuite hostname="RPIPL-NB-DL069" name="testScripts.leases.CreateNewLeaseTest" tests="1" failures="0" timestamp="19 Jul 2020 12:30:40 GMT" time="36.182" errors="0">
  <testcase name="createLease" time="36.182" classname="testScripts.leases.CreateNewLeaseTest"/>
</testsuite> <!-- testScripts.leases.CreateNewLeaseTest -->
