<?xml version="1.0" encoding="UTF-8"?>
<!-- Generated by org.testng.reporters.JUnitReportReporter -->
<testsuite hostname="RPIPL-NB-DL069" name="testScripts.leases.PrintLeaseLedger" tests="1" failures="0" timestamp="8 Jul 2020 16:18:24 GMT" time="19.870" errors="0">
  <testcase name="printLeaseLedger" time="19.870" classname="testScripts.leases.PrintLeaseLedger"/>
</testsuite> <!-- testScripts.leases.PrintLeaseLedger -->
