<?xml version="1.0" encoding="UTF-8"?>
<!-- Generated by org.testng.reporters.JUnitReportReporter -->
<testsuite hostname="RPIPL-NB-DL069" name="testScripts.leases.adjustmentsTest" tests="3" failures="0" timestamp="8 Jul 2020 15:23:53 GMT" time="66.107" errors="0">
  <testcase name="createDiscount" time="20.510" classname="testScripts.leases.adjustmentsTest"/>
  <testcase name="createRefund" time="21.079" classname="testScripts.leases.adjustmentsTest"/>
  <testcase name="createAdjustment" time="24.518" classname="testScripts.leases.adjustmentsTest"/>
</testsuite> <!-- testScripts.leases.adjustmentsTest -->
