<?xml version="1.0" encoding="UTF-8"?>
<!-- Generated by org.testng.reporters.JUnitReportReporter -->
<testsuite hostname="RPIPL-NB-DL069" name="testScripts.leases.DraftToActiveTest" tests="1" failures="0" timestamp="21 Jun 2020 12:56:47 GMT" time="27.529" errors="0">
  <testcase name="editLease" time="27.529" classname="testScripts.leases.DraftToActiveTest"/>
</testsuite> <!-- testScripts.leases.DraftToActiveTest -->
