<?xml version="1.0" encoding="UTF-8"?>
<!-- Generated by org.testng.reporters.JUnitReportReporter -->
<testsuite hostname="RPIPL-NB-DL069" name="testScripts.leases.LeaseRenewalTest" tests="1" failures="0" timestamp="20 Jul 2020 19:18:11 GMT" time="22.969" errors="0">
  <testcase name="leaseRenewal" time="22.969" classname="testScripts.leases.LeaseRenewalTest"/>
</testsuite> <!-- testScripts.leases.LeaseRenewalTest -->
