<?xml version="1.0" encoding="UTF-8"?>
<!-- Generated by org.testng.reporters.JUnitReportReporter -->
<testsuite hostname="RPIPL-NB-DL069" name="testScripts.leases.MoveOutTest" tests="1" failures="0" timestamp="23 Jun 2020 12:53:36 GMT" time="26.233" errors="0">
  <testcase name="moveOutLease" time="26.233" classname="testScripts.leases.MoveOutTest"/>
</testsuite> <!-- testScripts.leases.MoveOutTest -->
