<?xml version="1.0" encoding="UTF-8"?>
<!-- Generated by org.testng.reporters.JUnitReportReporter -->
<testsuite hostname="RPIPL-NB-DL069" name="testScripts.leases.createRefundTest" tests="1" failures="0" timestamp="20 Jul 2020 19:18:11 GMT" time="16.710" errors="0">
  <testcase name="createRefund" time="16.710" classname="testScripts.leases.createRefundTest"/>
</testsuite> <!-- testScripts.leases.createRefundTest -->
