<?xml version="1.0" encoding="UTF-8"?>
<!-- Generated by org.testng.reporters.JUnitReportReporter -->
<testsuite hostname="RPIPL-NB-DL069" name="testScripts.leases.LeaseNewWorkorderTest" tests="1" failures="0" timestamp="19 Jul 2020 12:30:40 GMT" time="6.717" errors="0">
  <testcase name="newWorkorder" time="6.717" classname="testScripts.leases.LeaseNewWorkorderTest"/>
</testsuite> <!-- testScripts.leases.LeaseNewWorkorderTest -->
