<?xml version="1.0" encoding="UTF-8"?>
<!-- Generated by org.testng.reporters.JUnitReportReporter -->
<testsuite hostname="RPIPL-NB-DL069" name="testScripts.leases.TerminateLeaseTest" tests="1" failures="0" timestamp="20 Jul 2020 19:18:11 GMT" time="16.733" errors="0">
  <testcase name="terminateLease" time="16.733" classname="testScripts.leases.TerminateLeaseTest"/>
</testsuite> <!-- testScripts.leases.TerminateLeaseTest -->
