<?xml version="1.0" encoding="UTF-8"?>
<!-- Generated by org.testng.reporters.JUnitReportReporter -->
<testsuite hostname="RPIPL-NB-DL069" name="testScripts.leases.clearUnpaidChargesTest" tests="1" failures="0" timestamp="20 Jul 2020 19:18:11 GMT" time="11.228" errors="0">
  <testcase name="clearUnpaidCharges" time="11.228" classname="testScripts.leases.clearUnpaidChargesTest"/>
</testsuite> <!-- testScripts.leases.clearUnpaidChargesTest -->
