<?xml version="1.0" encoding="UTF-8"?>
<!-- Generated by org.testng.reporters.JUnitReportReporter -->
<testsuite hostname="RPIPL-NB-DL069" name="testScripts.leases.LateFeePageTest" tests="1" failures="0" timestamp="8 Jul 2020 16:18:24 GMT" time="18.559" errors="0">
  <testcase name="lateFeeNavigation" time="18.559" classname="testScripts.leases.LateFeePageTest"/>
</testsuite> <!-- testScripts.leases.LateFeePageTest -->
