<?xml version="1.0" encoding="UTF-8"?>
<!-- Generated by org.testng.reporters.JUnitReportReporter -->
<testsuite hostname="RPIPL-NB-DL069" name="testScripts.leases.TerminateLeaseTest" tests="1" failures="0" timestamp="21 Jun 2020 07:43:09 GMT" time="52.868" errors="0">
  <testcase name="terminateLease" time="52.868" classname="testScripts.leases.TerminateLeaseTest"/>
</testsuite> <!-- testScripts.leases.TerminateLeaseTest -->
