<?xml version="1.0" encoding="UTF-8"?>
<!-- Generated by org.testng.reporters.JUnitReportReporter -->
<testsuite hostname="RPIPL-NB-DL069" name="testScripts.leases.createJETest" tests="1" failures="0" timestamp="20 Jun 2020 06:57:26 GMT" time="25.120" errors="0">
  <testcase name="createNewJE" time="25.120" classname="testScripts.leases.createJETest"/>
</testsuite> <!-- testScripts.leases.createJETest -->
