<?xml version="1.0" encoding="UTF-8"?>
<!-- Generated by org.testng.reporters.JUnitReportReporter -->
<testsuite hostname="RPIPL-NB-DL069" name="testScripts.leases.createJETest" tests="1" failures="0" timestamp="20 Jul 2020 19:18:11 GMT" time="15.931" errors="0">
  <testcase name="createNewJE" time="15.931" classname="testScripts.leases.createJETest"/>
</testsuite> <!-- testScripts.leases.createJETest -->
