<?xml version="1.0" encoding="UTF-8"?>
<!-- Generated by org.testng.reporters.JUnitReportReporter -->
<testsuite hostname="RPIPL-NB-DL069" name="testScripts.leases.NewLeaseWithExistingContactTest" tests="1" failures="0" timestamp="13 Jul 2020 19:31:03 GMT" time="37.439" errors="0">
  <testcase name="createLeaseWithExistingContact" time="37.439" classname="testScripts.leases.NewLeaseWithExistingContactTest"/>
</testsuite> <!-- testScripts.leases.NewLeaseWithExistingContactTest -->
