<?xml version="1.0" encoding="UTF-8"?>
<!-- Generated by org.testng.reporters.JUnitReportReporter -->
<testsuite hostname="RPIPL-NB-DL069" name="testScripts.leases.CreateTasksFromTemplateTest" tests="1" failures="0" timestamp="13 Jul 2020 09:23:15 GMT" time="6.319" errors="0">
  <testcase name="createTasksFromTemplate" time="6.319" classname="testScripts.leases.CreateTasksFromTemplateTest"/>
</testsuite> <!-- testScripts.leases.CreateTasksFromTemplateTest -->
