<?xml version="1.0" encoding="UTF-8"?>
<!-- Generated by org.testng.reporters.JUnitReportReporter -->
<testsuite hostname="RPIPL-NB-DL069" name="testScripts.leases.AddAutoChargeTest" tests="1" failures="0" timestamp="19 Jul 2020 12:30:40 GMT" time="34.641" errors="0">
  <testcase name="addAutoCharge" time="34.641" classname="testScripts.leases.AddAutoChargeTest"/>
</testsuite> <!-- testScripts.leases.AddAutoChargeTest -->
