<?xml version="1.0" encoding="UTF-8"?>
<!-- Generated by org.testng.reporters.JUnitReportReporter -->
<testsuite hostname="RPIPL-NB-DL069" name="testBase.TestBase" tests="1" failures="0" timestamp="9 Nov 2019 06:52:36 GMT" time="0.022" errors="0">
  <testcase name="readConfigFile" time="0.022" classname="testBase.TestBase"/>
</testsuite> <!-- testBase.TestBase -->
