<?xml version="1.0" encoding="UTF-8"?>
<!-- Generated by org.testng.reporters.JUnitReportReporter -->
<testsuite hostname="RPIPL-NB-DL069" name="testScripts.leases.createChargeTest" tests="1" failures="0" timestamp="20 Jun 2020 13:20:22 GMT" time="41.775" errors="0">
  <testcase name="createCharge" time="41.775" classname="testScripts.leases.createChargeTest"/>
</testsuite> <!-- testScripts.leases.createChargeTest -->
