<?xml version="1.0" encoding="UTF-8"?>
<!-- Generated by org.testng.reporters.JUnitReportReporter -->
<testsuite hostname="RPIPL-NB-DL069" name="testScripts.leases.createDiscountTest" tests="1" failures="0" timestamp="20 Jul 2020 19:18:11 GMT" time="16.714" errors="0">
  <testcase name="createDiscount" time="16.714" classname="testScripts.leases.createDiscountTest"/>
</testsuite> <!-- testScripts.leases.createDiscountTest -->
