<?xml version="1.0" encoding="UTF-8"?>
<!-- Generated by org.testng.reporters.JUnitReportReporter -->
<testsuite hostname="RPIPL-NB-DL069" name="testScripts.leases.createAdjustmentTest" tests="1" failures="0" timestamp="20 Jul 2020 19:18:11 GMT" time="17.075" errors="0">
  <testcase name="createAdjustment" time="17.075" classname="testScripts.leases.createAdjustmentTest"/>
</testsuite> <!-- testScripts.leases.createAdjustmentTest -->
