<?xml version="1.0" encoding="UTF-8"?>
<!-- Generated by org.testng.reporters.JUnitReportReporter -->
<testsuite hostname="RPIPL-NB-DL069" name="testScripts.leases.NewLeaseWithLFAndExistingContactTest" tests="1" failures="0" timestamp="13 Jul 2020 19:31:03 GMT" time="39.810" errors="0">
  <testcase name="createLeaseWithLFAndExistingContact" time="39.810" classname="testScripts.leases.NewLeaseWithLFAndExistingContactTest"/>
</testsuite> <!-- testScripts.leases.NewLeaseWithLFAndExistingContactTest -->
