<?xml version="1.0" encoding="UTF-8"?>
<!-- Generated by org.testng.reporters.JUnitReportReporter -->
<testsuite hostname="RPIPL-NB-DL069" name="testScripts.leases.RentBumpTest" tests="1" failures="0" timestamp="19 Jul 2020 12:30:40 GMT" time="5.074" errors="0">
  <testcase name="rentBump" time="5.074" classname="testScripts.leases.RentBumpTest"/>
</testsuite> <!-- testScripts.leases.RentBumpTest -->
