<?xml version="1.0" encoding="UTF-8"?>
<!-- Generated by org.testng.reporters.JUnitReportReporter -->
<testsuite hostname="RPIPL-NB-DL069" name="testScripts.leases.GenerateCRPsWisconsinTest" tests="1" failures="0" timestamp="20 Jul 2020 19:18:11 GMT" time="14.488" errors="0">
  <testcase name="generateCRPsWisconsin" time="14.488" classname="testScripts.leases.GenerateCRPsWisconsinTest"/>
</testsuite> <!-- testScripts.leases.GenerateCRPsWisconsinTest -->
