<?xml version="1.0" encoding="UTF-8"?>
<!-- Generated by org.testng.reporters.JUnitReportReporter -->
<testsuite hostname="RPIPL-NB-DL069" name="testScripts.leases.RentBumpTest" tests="1" failures="0" timestamp="21 Jun 2020 17:10:05 GMT" time="18.006" errors="0">
  <testcase name="rentBump" time="18.006" classname="testScripts.leases.RentBumpTest"/>
</testsuite> <!-- testScripts.leases.RentBumpTest -->
