<?xml version="1.0" encoding="UTF-8"?>
<!-- Generated by org.testng.reporters.JUnitReportReporter -->
<testsuite hostname="RPIPL-NB-DL069" name="testScripts.leases.CreateNewLeasefromLedgerTest" tests="1" failures="0" timestamp="20 Jul 2020 19:18:11 GMT" time="39.763" errors="0">
  <testcase name="createNewLeasefromLedgerPage" time="39.763" classname="testScripts.leases.CreateNewLeasefromLedgerTest"/>
</testsuite> <!-- testScripts.leases.CreateNewLeasefromLedgerTest -->
