<?xml version="1.0" encoding="UTF-8"?>
<!-- Generated by org.testng.reporters.JUnitReportReporter -->
<testsuite hostname="RPIPL-NB-DL069" name="testScripts.leases.createJETest" tests="1" failures="0" timestamp="19 Jul 2020 12:30:40 GMT" time="11.678" errors="0">
  <testcase name="createNewJE" time="11.678" classname="testScripts.leases.createJETest"/>
</testsuite> <!-- testScripts.leases.createJETest -->
