<?xml version="1.0" encoding="UTF-8"?>
<!-- Generated by org.testng.reporters.JUnitReportReporter -->
<testsuite hostname="RPIPL-NB-DL069" name="testScripts.leases.LeaseNewWorkorderTest" tests="1" failures="0" timestamp="21 Jun 2020 18:07:12 GMT" time="24.092" errors="0">
  <testcase name="newWorkorder" time="24.092" classname="testScripts.leases.LeaseNewWorkorderTest"/>
</testsuite> <!-- testScripts.leases.LeaseNewWorkorderTest -->
