<?xml version="1.0" encoding="UTF-8"?>
<!-- Generated by org.testng.reporters.JUnitReportReporter -->
<testsuite hostname="RPIPL-NB-DL069" name="testScripts.leases.EditLeaseTest" tests="1" failures="0" timestamp="20 Jul 2020 19:18:11 GMT" time="18.621" errors="0">
  <testcase name="editLease" time="18.621" classname="testScripts.leases.EditLeaseTest"/>
</testsuite> <!-- testScripts.leases.EditLeaseTest -->
