<?xml version="1.0" encoding="UTF-8"?>
<!-- Generated by org.testng.reporters.JUnitReportReporter -->
<testsuite hostname="RPIPL-NB-DL069" name="testScripts.leases.NewLeaseWithLeaseFormTest" tests="1" failures="0" timestamp="20 Jul 2020 19:18:11 GMT" time="38.330" errors="0">
  <testcase name="createLeaseWithLeaseForm" time="38.330" classname="testScripts.leases.NewLeaseWithLeaseFormTest"/>
</testsuite> <!-- testScripts.leases.NewLeaseWithLeaseFormTest -->
