<?xml version="1.0" encoding="UTF-8"?>
<!-- Generated by org.testng.reporters.JUnitReportReporter -->
<testsuite hostname="RPIPL-NB-DL069" name="testScripts.leases.CreateLeasesNewViewTest" tests="1" failures="0" timestamp="20 Jul 2020 19:18:11 GMT" time="14.008" errors="0">
  <testcase name="createLeasesNewView" time="14.008" classname="testScripts.leases.CreateLeasesNewViewTest"/>
</testsuite> <!-- testScripts.leases.CreateLeasesNewViewTest -->
