<?xml version="1.0" encoding="UTF-8"?>
<!-- Generated by org.testng.reporters.JUnitReportReporter -->
<testsuite hostname="RPIPL-NB-DL069" name="testScripts.leases.createNewLease" tests="1" failures="0" timestamp="11 Jan 2020 19:52:34 GMT" time="31.296" errors="0">
  <testcase name="createLease" time="31.296" classname="testScripts.leases.createNewLease"/>
</testsuite> <!-- testScripts.leases.createNewLease -->
