<?xml version="1.0" encoding="UTF-8"?>
<!-- Generated by org.testng.reporters.JUnitReportReporter -->
<testsuite hostname="RPIPL-NB-DL069" name="testScripts.leases.PrintLeaseLedger" tests="1" failures="0" timestamp="19 Jul 2020 12:30:40 GMT" time="5.634" errors="0">
  <testcase name="printLeaseLedger" time="5.634" classname="testScripts.leases.PrintLeaseLedger"/>
</testsuite> <!-- testScripts.leases.PrintLeaseLedger -->
