<?xml version="1.0" encoding="UTF-8"?>
<!-- Generated by org.testng.reporters.JUnitReportReporter -->
<testsuite hostname="RPIPL-NB-DL069" name="testScripts.leases.NewLeaseWithLFAndExistingContactTest" tests="1" failures="0" timestamp="20 Jul 2020 19:18:11 GMT" time="41.970" errors="0">
  <testcase name="createLeaseWithLFAndExistingContact" time="41.970" classname="testScripts.leases.NewLeaseWithLFAndExistingContactTest"/>
</testsuite> <!-- testScripts.leases.NewLeaseWithLFAndExistingContactTest -->
