<?xml version="1.0" encoding="UTF-8"?>
<!-- Generated by org.testng.reporters.JUnitReportReporter -->
<testsuite hostname="RPIPL-NB-DL069" name="testScripts.leases.MassUpdateTest" tests="1" failures="0" timestamp="20 Jul 2020 19:18:11 GMT" time="4.467" errors="0">
  <testcase name="leasesMassUpdate" time="4.467" classname="testScripts.leases.MassUpdateTest"/>
</testsuite> <!-- testScripts.leases.MassUpdateTest -->
