<?xml version="1.0" encoding="UTF-8"?>
<!-- Generated by org.testng.reporters.JUnitReportReporter -->
<testsuite hostname="RPIPL-NB-DL069" name="testScripts.leases.NewLeaseWithLFAndExistingContactTest" tests="1" failures="0" timestamp="19 Jul 2020 12:30:40 GMT" time="29.696" errors="0">
  <testcase name="createLeaseWithLFAndExistingContact" time="29.696" classname="testScripts.leases.NewLeaseWithLFAndExistingContactTest"/>
</testsuite> <!-- testScripts.leases.NewLeaseWithLFAndExistingContactTest -->
