<?xml version="1.0" encoding="UTF-8"?>
<!-- Generated by org.testng.reporters.JUnitReportReporter -->
<testsuite hostname="RPIPL-NB-DL069" name="testScripts.leases.CreateTasksFromTemplateTest" tests="1" failures="0" timestamp="19 Jul 2020 12:30:40 GMT" time="5.620" errors="0">
  <testcase name="createTasksFromTemplate" time="5.620" classname="testScripts.leases.CreateTasksFromTemplateTest"/>
</testsuite> <!-- testScripts.leases.CreateTasksFromTemplateTest -->
