<?xml version="1.0" encoding="UTF-8"?>
<!-- Generated by org.testng.reporters.JUnitReportReporter -->
<testsuite skipped="0" hostname="HIN-24MP3Z2-LT" name="testScripts.leases.ClearUnpaidChargesTest" tests="1" failures="0" timestamp="03 Aug 2020 16:19:37 GMT" time="19.617" errors="0">
  <testcase name="clearUnpaidCharges" time="19.617" classname="testScripts.leases.ClearUnpaidChargesTest"/>
</testsuite> <!-- testScripts.leases.ClearUnpaidChargesTest -->
