<?xml version="1.0" encoding="UTF-8"?>
<!-- Generated by org.testng.reporters.JUnitReportReporter -->
<testsuite hostname="RPIPL-NB-DL069" name="testScripts.leases.leaseRenewalTest" tests="1" failures="0" timestamp="12 Jul 2020 16:56:19 GMT" time="80.829" errors="0">
  <testcase name="leaseRenewal" time="80.829" classname="testScripts.leases.leaseRenewalTest"/>
</testsuite> <!-- testScripts.leases.leaseRenewalTest -->
