<?xml version="1.0" encoding="UTF-8"?>
<!-- Generated by org.testng.reporters.JUnitReportReporter -->
<testsuite hostname="RPIPL-NB-DL069" name="testScripts.leases.createChargeTest" tests="1" failures="0" timestamp="20 Jul 2020 19:18:11 GMT" time="10.916" errors="0">
  <testcase name="createCharge" time="10.916" classname="testScripts.leases.createChargeTest"/>
</testsuite> <!-- testScripts.leases.createChargeTest -->
