<?xml version="1.0" encoding="UTF-8"?>
<!-- Generated by org.testng.reporters.JUnitReportReporter -->
<testsuite hostname="RPIPL-NB-DL069" name="testScripts.leases.createDiscountTest" tests="1" failures="0" timestamp="12 Jul 2020 14:33:27 GMT" time="13.437" errors="0">
  <testcase name="createDiscount" time="13.437" classname="testScripts.leases.createDiscountTest"/>
</testsuite> <!-- testScripts.leases.createDiscountTest -->
