<?xml version="1.0" encoding="UTF-8"?>
<!-- Generated by org.testng.reporters.JUnitReportReporter -->
<testsuite hostname="RPIPL-NB-DL069" name="testScripts.leases.NewLeaseWithLeaseFormTest" tests="1" failures="0" timestamp="19 Jul 2020 12:30:40 GMT" time="30.882" errors="0">
  <testcase name="createLeaseWithLeaseForm" time="30.882" classname="testScripts.leases.NewLeaseWithLeaseFormTest"/>
</testsuite> <!-- testScripts.leases.NewLeaseWithLeaseFormTest -->
