<?xml version="1.0" encoding="UTF-8"?>
<!-- Generated by org.testng.reporters.JUnitReportReporter -->
<testsuite hostname="RPIPL-NB-DL069" name="testScripts.leases.MailMergeTest" tests="1" failures="0" timestamp="20 Jul 2020 19:18:11 GMT" time="4.892" errors="0">
  <testcase name="mailMerge" time="4.892" classname="testScripts.leases.MailMergeTest"/>
</testsuite> <!-- testScripts.leases.MailMergeTest -->
