<?xml version="1.0" encoding="UTF-8"?>
<!-- Generated by org.testng.reporters.JUnitReportReporter -->
<testsuite hostname="RPIPL-NB-DL069" name="testScripts.leases.CreateNewLeasefromLedgerTest" tests="1" failures="0" timestamp="13 Jul 2020 19:31:03 GMT" time="40.784" errors="0">
  <testcase name="createNewLeasefromLedgerPage" time="40.784" classname="testScripts.leases.CreateNewLeasefromLedgerTest"/>
</testsuite> <!-- testScripts.leases.CreateNewLeasefromLedgerTest -->
