<?xml version="1.0" encoding="UTF-8"?>
<!-- Generated by org.testng.reporters.JUnitReportReporter -->
<testsuite hostname="RPIPL-NB-DL069" name="testScripts.leases.CreateNewLeaseTest" tests="1" failures="0" timestamp="20 Jul 2020 19:18:11 GMT" time="42.150" errors="0">
  <testcase name="createLease" time="42.150" classname="testScripts.leases.CreateNewLeaseTest"/>
</testsuite> <!-- testScripts.leases.CreateNewLeaseTest -->
