<?xml version="1.0" encoding="UTF-8"?>
<!-- Generated by org.testng.reporters.JUnitReportReporter -->
<testsuite hostname="RPIPL-NB-DL069" name="testScripts.leases.MoveOutTest" tests="1" failures="0" timestamp="8 Jul 2020 16:18:24 GMT" time="20.670" errors="0">
  <testcase name="moveOutLease" time="20.670" classname="testScripts.leases.MoveOutTest"/>
</testsuite> <!-- testScripts.leases.MoveOutTest -->
