<?xml version="1.0" encoding="UTF-8"?>
<!-- Generated by org.testng.reporters.JUnitReportReporter -->
<testsuite hostname="RPIPL-NB-DL069" name="testScripts.leases.createPaymentTest" tests="1" failures="0" timestamp="20 Jun 2020 13:21:15 GMT" time="31.492" errors="0">
  <testcase name="createPayment" time="31.492" classname="testScripts.leases.createPaymentTest"/>
</testsuite> <!-- testScripts.leases.createPaymentTest -->
