<?xml version="1.0" encoding="UTF-8"?>
<!-- Generated by org.testng.reporters.JUnitReportReporter -->
<testsuite hostname="RPIPL-NB-DL069" name="testScripts.leases.DraftToActiveTest" tests="1" failures="0" timestamp="19 Jul 2020 14:08:20 GMT" time="73.325" errors="0">
  <testcase name="draftToActive" time="73.325" classname="testScripts.leases.DraftToActiveTest"/>
</testsuite> <!-- testScripts.leases.DraftToActiveTest -->
