<?xml version="1.0" encoding="UTF-8"?>
<!-- Generated by org.testng.reporters.JUnitReportReporter -->
<testsuite hostname="RPIPL-NB-DL069" name="testScripts.leases.massUpdateTest" tests="1" failures="0" timestamp="12 Jul 2020 17:24:28 GMT" time="15.273" errors="0">
  <testcase name="leasesMassUpdate" time="15.273" classname="testScripts.leases.massUpdateTest"/>
</testsuite> <!-- testScripts.leases.massUpdateTest -->
