<?xml version="1.0" encoding="UTF-8"?>
<!-- Generated by org.testng.reporters.JUnitReportReporter -->
<testsuite hostname="RPIPL-NB-DL069" name="testScripts.leases.createJETest" tests="1" failures="0" timestamp="12 Jul 2020 14:38:32 GMT" time="23.953" errors="0">
  <testcase name="createNewJE" time="23.953" classname="testScripts.leases.createJETest"/>
</testsuite> <!-- testScripts.leases.createJETest -->
