<?xml version="1.0" encoding="UTF-8"?>
<!-- Generated by org.testng.reporters.JUnitReportReporter -->
<testsuite hostname="RPIPL-NB-DL069" name="testScripts.leases.EditLeaseTest" tests="1" failures="0" timestamp="13 Jul 2020 09:23:15 GMT" time="25.040" errors="0">
  <testcase name="editLease" time="25.040" classname="testScripts.leases.EditLeaseTest"/>
</testsuite> <!-- testScripts.leases.EditLeaseTest -->
