<?xml version="1.0" encoding="UTF-8"?>
<!-- Generated by org.testng.reporters.JUnitReportReporter -->
<testsuite hostname="RPIPL-NB-DL069" name="testScripts.leases.AddAutoChargeTest" tests="1" failures="0" timestamp="21 Jun 2020 13:18:46 GMT" time="23.291" errors="0">
  <testcase name="addAutoCharge" time="23.291" classname="testScripts.leases.AddAutoChargeTest"/>
</testsuite> <!-- testScripts.leases.AddAutoChargeTest -->
