<?xml version="1.0" encoding="UTF-8"?>
<!-- Generated by org.testng.reporters.JUnitReportReporter -->
<testsuite skipped="0" hostname="HIN-24MP3Z2-LT" name="testScripts.leases.FilterTest" tests="1" failures="0" timestamp="03 Aug 2020 16:04:34 GMT" time="15.109" errors="0">
  <testcase name="filterTest" time="15.109" classname="testScripts.leases.FilterTest"/>
</testsuite> <!-- testScripts.leases.FilterTest -->
