<?xml version="1.0" encoding="UTF-8"?>
<!-- Generated by org.testng.reporters.JUnitReportReporter -->
<testsuite hostname="RPIPL-NB-DL069" name="testScripts.leases.CreateNewLease" tests="1" failures="0" timestamp="13 Jul 2020 10:00:25 GMT" time="51.085" errors="0">
  <testcase name="createLease" time="51.085" classname="testScripts.leases.CreateNewLease"/>
</testsuite> <!-- testScripts.leases.CreateNewLease -->
