<?xml version="1.0" encoding="UTF-8"?>
<!-- Generated by org.testng.reporters.JUnitReportReporter -->
<testsuite hostname="RPIPL-NB-DL069" name="testScripts.leases.EditLeaseTest" tests="1" failures="0" timestamp="19 Jul 2020 12:35:07 GMT" time="41.073" errors="0">
  <testcase name="editLease" time="41.073" classname="testScripts.leases.EditLeaseTest"/>
</testsuite> <!-- testScripts.leases.EditLeaseTest -->
