<?xml version="1.0" encoding="UTF-8"?>
<!-- Generated by org.testng.reporters.JUnitReportReporter -->
<testsuite hostname="RPIPL-NB-DL069" name="testScripts.leases.PrintLeaseLedger" tests="1" failures="0" timestamp="22 Jun 2020 18:38:42 GMT" time="23.955" errors="0">
  <testcase name="printLeaseLedger" time="23.955" classname="testScripts.leases.PrintLeaseLedger"/>
</testsuite> <!-- testScripts.leases.PrintLeaseLedger -->
