<?xml version="1.0" encoding="UTF-8"?>
<!-- Generated by org.testng.reporters.JUnitReportReporter -->
<testsuite hostname="RPIPL-NB-DL069" name="testScripts.leases.DeleteLeaseTest" tests="1" failures="0" timestamp="22 Jul 2020 18:43:39 GMT" time="17.841" errors="0">
  <testcase name="deleteLease" time="17.841" classname="testScripts.leases.DeleteLeaseTest"/>
</testsuite> <!-- testScripts.leases.DeleteLeaseTest -->
