<?xml version="1.0" encoding="UTF-8"?>
<!-- Generated by org.testng.reporters.JUnitReportReporter -->
<testsuite hostname="RPIPL-NB-DL069" name="testScripts.leases.CreateTasksTest" tests="1" failures="0" timestamp="23 Jun 2020 17:24:09 GMT" time="27.583" errors="0">
  <testcase name="createSingleTask" time="27.583" classname="testScripts.leases.CreateTasksTest"/>
</testsuite> <!-- testScripts.leases.CreateTasksTest -->
