<?xml version="1.0" encoding="UTF-8"?>
<!-- Generated by org.testng.reporters.JUnitReportReporter -->
<testsuite hostname="RPIPL-NB-DL069" name="testScripts.leases.CreateWOFromMaintTabTest" tests="1" failures="0" timestamp="19 Jul 2020 12:30:40 GMT" time="7.952" errors="0">
  <testcase name="newWorkorderFromMaintTab" time="7.952" classname="testScripts.leases.CreateWOFromMaintTabTest"/>
</testsuite> <!-- testScripts.leases.CreateWOFromMaintTabTest -->
