<?xml version="1.0" encoding="UTF-8"?>
<!-- Generated by org.testng.reporters.JUnitReportReporter -->
<testsuite hostname="RPIPL-NB-DL069" name="testScripts.leases.createDiscountTest" tests="1" failures="0" timestamp="19 Jul 2020 12:30:40 GMT" time="11.917" errors="0">
  <testcase name="createDiscount" time="11.917" classname="testScripts.leases.createDiscountTest"/>
</testsuite> <!-- testScripts.leases.createDiscountTest -->
