<?xml version="1.0" encoding="UTF-8"?>
<!-- Generated by org.testng.reporters.JUnitReportReporter -->
<testsuite hostname="RPIPL-NB-DL069" name="testScripts.leases.CreateNewLeasefromLedgerTest" tests="1" failures="0" timestamp="19 Jul 2020 12:30:40 GMT" time="32.280" errors="0">
  <testcase name="createNewLeasefromLedgerPage" time="32.280" classname="testScripts.leases.CreateNewLeasefromLedgerTest"/>
</testsuite> <!-- testScripts.leases.CreateNewLeasefromLedgerTest -->
